  UbiGame.vcxproj -> C:\Users\dasol\Downloads\Haeim\HTN_UbiGame\UbiGame\x64\Debug\UbiGame.exe
  UbiGame.vcxproj -> C:\Users\dasol\Downloads\Haeim\HTN_UbiGame\UbiGame\x64\Debug\UbiGame.pdb (Partial PDB)
  C:\Users\dasol\Downloads\Haeim\HTN_UbiGame\UbiGame\UbiGame\Resources\fonts\ancient-modern-tales.ttf
  C:\Users\dasol\Downloads\Haeim\HTN_UbiGame\UbiGame\UbiGame\Resources\fonts\arial.ttf
  C:\Users\dasol\Downloads\Haeim\HTN_UbiGame\UbiGame\UbiGame\Resources\img\background1.png
  C:\Users\dasol\Downloads\Haeim\HTN_UbiGame\UbiGame\UbiGame\Resources\img\background2.png
  C:\Users\dasol\Downloads\Haeim\HTN_UbiGame\UbiGame\UbiGame\Resources\img\background3.png
  C:\Users\dasol\Downloads\Haeim\HTN_UbiGame\UbiGame\UbiGame\Resources\img\background4.png
  C:\Users\dasol\Downloads\Haeim\HTN_UbiGame\UbiGame\UbiGame\Resources\img\background5.png
  C:\Users\dasol\Downloads\Haeim\HTN_UbiGame\UbiGame\UbiGame\Resources\img\background6.png
  C:\Users\dasol\Downloads\Haeim\HTN_UbiGame\UbiGame\UbiGame\Resources\img\background7.png
  C:\Users\dasol\Downloads\Haeim\HTN_UbiGame\UbiGame\UbiGame\Resources\img\bell.png
  C:\Users\dasol\Downloads\Haeim\HTN_UbiGame\UbiGame\UbiGame\Resources\img\bg.png
  C:\Users\dasol\Downloads\Haeim\HTN_UbiGame\UbiGame\UbiGame\Resources\img\blacksmith.png
  C:\Users\dasol\Downloads\Haeim\HTN_UbiGame\UbiGame\UbiGame\Resources\img\bloodied_hammer.png
  C:\Users\dasol\Downloads\Haeim\HTN_UbiGame\UbiGame\UbiGame\Resources\img\cow_animation.png
  C:\Users\dasol\Downloads\Haeim\HTN_UbiGame\UbiGame\UbiGame\Resources\img\doctor.png
  C:\Users\dasol\Downloads\Haeim\HTN_UbiGame\UbiGame\UbiGame\Resources\img\fire1.png
  C:\Users\dasol\Downloads\Haeim\HTN_UbiGame\UbiGame\UbiGame\Resources\img\Flappy.png
  C:\Users\dasol\Downloads\Haeim\HTN_UbiGame\UbiGame\UbiGame\Resources\img\green_vial.png
  C:\Users\dasol\Downloads\Haeim\HTN_UbiGame\UbiGame\UbiGame\Resources\img\ground.png
  C:\Users\dasol\Downloads\Haeim\HTN_UbiGame\UbiGame\UbiGame\Resources\img\knight_animation.png
  C:\Users\dasol\Downloads\Haeim\HTN_UbiGame\UbiGame\UbiGame\Resources\img\knight_idle.png
  C:\Users\dasol\Downloads\Haeim\HTN_UbiGame\UbiGame\UbiGame\Resources\img\panacea.png
  C:\Users\dasol\Downloads\Haeim\HTN_UbiGame\UbiGame\UbiGame\Resources\img\particles.png
  C:\Users\dasol\Downloads\Haeim\HTN_UbiGame\UbiGame\UbiGame\Resources\img\player.png
  C:\Users\dasol\Downloads\Haeim\HTN_UbiGame\UbiGame\UbiGame\Resources\img\shopkeeper.png
  C:\Users\dasol\Downloads\Haeim\HTN_UbiGame\UbiGame\UbiGame\Resources\img\starry_background.png
  C:\Users\dasol\Downloads\Haeim\HTN_UbiGame\UbiGame\UbiGame\Resources\img\tileset.png
  C:\Users\dasol\Downloads\Haeim\HTN_UbiGame\UbiGame\UbiGame\Resources\img\town_crier.png
  C:\Users\dasol\Downloads\Haeim\HTN_UbiGame\UbiGame\UbiGame\Resources\snd\glassBreak.wav
  C:\Users\dasol\Downloads\Haeim\HTN_UbiGame\UbiGame\UbiGame\Resources\snd\thunder.wav
  30 File(s) copied
