c:\users\martin\documents\hack the north 2019\htn_ubigame\ubigame\ubigame\x64\debug\vc140.pdb
c:\users\martin\documents\hack the north 2019\htn_ubigame\ubigame\ubigame\x64\debug\vc140.idb
c:\users\martin\documents\hack the north 2019\htn_ubigame\ubigame\ubigame\x64\debug\soundcomponent.obj
c:\users\martin\documents\hack the north 2019\htn_ubigame\ubigame\ubigame\x64\debug\animationmanager.obj
c:\users\martin\documents\hack the north 2019\htn_ubigame\ubigame\ubigame\x64\debug\animationcomponent.obj
c:\users\martin\documents\hack the north 2019\htn_ubigame\ubigame\ubigame\x64\debug\collidablephysicscomponent.obj
c:\users\martin\documents\hack the north 2019\htn_ubigame\ubigame\ubigame\x64\debug\collidablecomponent.obj
c:\users\martin\documents\hack the north 2019\htn_ubigame\ubigame\ubigame\x64\debug\collisionmanager.obj
c:\users\martin\documents\hack the north 2019\htn_ubigame\ubigame\ubigame\x64\debug\soundmanager.obj
c:\users\martin\documents\hack the north 2019\htn_ubigame\ubigame\ubigame\x64\debug\obstacleentity.obj
c:\users\martin\documents\hack the north 2019\htn_ubigame\ubigame\ubigame\x64\debug\playermovementcomponent.obj
c:\users\martin\documents\hack the north 2019\htn_ubigame\ubigame\ubigame\x64\debug\playerentity.obj
c:\users\martin\documents\hack the north 2019\htn_ubigame\ubigame\ubigame\x64\debug\gameboard.obj
c:\users\martin\documents\hack the north 2019\htn_ubigame\ubigame\ubigame\x64\debug\rendercomponent.obj
c:\users\martin\documents\hack the north 2019\htn_ubigame\ubigame\ubigame\x64\debug\component.obj
c:\users\martin\documents\hack the north 2019\htn_ubigame\ubigame\ubigame\x64\debug\main.obj
c:\users\martin\documents\hack the north 2019\htn_ubigame\ubigame\ubigame\x64\debug\entity.obj
c:\users\martin\documents\hack the north 2019\htn_ubigame\ubigame\ubigame\x64\debug\gameenginemain.obj
c:\users\martin\documents\hack the north 2019\htn_ubigame\ubigame\ubigame\x64\debug\texturemanager.obj
c:\users\martin\documents\hack the north 2019\htn_ubigame\ubigame\ubigame\x64\debug\spriterendercomponent.obj
c:\users\martin\documents\hack the north 2019\htn_ubigame\ubigame\ubigame\x64\debug\textcomponent.obj
c:\users\martin\documents\hack the north 2019\htn_ubigame\ubigame\ubigame\x64\debug\uientity.obj
c:\users\martin\documents\hack the north 2019\htn_ubigame\ubigame\ubigame\x64\debug\playercollisioncomponent.obj
c:\users\martin\documents\hack the north 2019\htn_ubigame\ubigame\ubigame\x64\debug\playercameracomponent.obj
c:\users\martin\documents\hack the north 2019\htn_ubigame\ubigame\ubigame\x64\debug\cameramanager.obj
c:\users\martin\documents\hack the north 2019\htn_ubigame\ubigame\ubigame\x64\debug\playersoundcomponent.obj
c:\users\martin\documents\hack the north 2019\htn_ubigame\ubigame\ubigame\x64\debug\particlecomponent.obj
c:\users\martin\documents\hack the north 2019\htn_ubigame\ubigame\ubigame\x64\debug\particleemittercomponent.obj
c:\users\martin\documents\hack the north 2019\htn_ubigame\ubigame\ubigame\x64\debug\groundentity.obj
c:\users\martin\documents\hack the north 2019\htn_ubigame\ubigame\x64\debug\ubigame.ilk
c:\users\martin\documents\hack the north 2019\htn_ubigame\ubigame\x64\debug\ubigame.exe
c:\users\martin\documents\hack the north 2019\htn_ubigame\ubigame\x64\debug\ubigame.pdb
c:\users\martin\documents\hack the north 2019\htn_ubigame\ubigame\ubigame\x64\debug\ubigame.tlog\cl.command.1.tlog
c:\users\martin\documents\hack the north 2019\htn_ubigame\ubigame\ubigame\x64\debug\ubigame.tlog\cl.read.1.tlog
c:\users\martin\documents\hack the north 2019\htn_ubigame\ubigame\ubigame\x64\debug\ubigame.tlog\cl.write.1.tlog
c:\users\martin\documents\hack the north 2019\htn_ubigame\ubigame\ubigame\x64\debug\ubigame.tlog\link.command.1.tlog
c:\users\martin\documents\hack the north 2019\htn_ubigame\ubigame\ubigame\x64\debug\ubigame.tlog\link.read.1.tlog
c:\users\martin\documents\hack the north 2019\htn_ubigame\ubigame\ubigame\x64\debug\ubigame.tlog\link.write.1.tlog
